







info [Wed Jul 31 2019 17:40:06 GMT+0600 (GMT+06:00)]  { declaration: { attributes: { version: '1.0' } },
  elements:
   [ { type: 'element',
       name: 'root',
       attributes: { mode: 'place' },
       elements:
        [ { type: 'element',
            name: 'region',
            attributes: { guid: '9c5f1c8b-3c65-11e8-82c8-6e8e1f7cbd1d' },
            elements:
             [ { type: 'text', text: 'Келечек Ош Шоро \r\n        ' },
               { type: 'element',
                 name: 'place',
                 attributes: { guid: '86e2849c-3c99-11e8-82c8-6e8e1f7cbd1d' },
                 elements: [ { type: 'text', text: 'Келечек' } ] },
               { type: 'element',
                 name: 'place',
                 attributes: { guid: '3dd7d90b-3c9a-11e8-82c8-6e8e1f7cbd1d' },
                 elements: [ { type: 'text', text: 'ЦУМ' } ] } ] },
          { type: 'element',
            name: 'region',
            attributes: { guid: '7d688089-15b8-11e0-83e3-0010c6f42018' },
            elements:
             [ { type: 'text', text: 'Жибек-Жолу\r\n        ' },
               { type: 'element',
                 name: 'place',
                 attributes: { guid: '3c1921dd-81e2-11e9-aece-97dcc027fe81' },
                 elements: [ { type: 'text', text: 'Ложка' } ] },
               { type: 'element',
                 name: 'place',
                 attributes: { guid: 'ac836f09-b9bd-11e1-9b3e-1c6f65c2a7c6' },
                 elements: [ { type: 'text', text: 'Фрунзе - Панфилова (Парк)' } ] },
               { type: 'element',
                 name: 'place',
                 attributes: { guid: 'e8cf485c-a616-11e1-a0b5-1c6f65c2a7c6' },
                 elements: [ { type: 'text', text: 'Фрунзе - Белинская' } ] } ] } ] } ] }






